<?xml version="1.0" encoding="UTF-8"?>
<!-- Generated by org.testng.reporters.JUnitReportReporter -->
<testsuite hostname="DESKTOP-KL8F87J" failures="0" tests="1" name="com.ui.tests.LoginTest3" time="23.383" errors="0" timestamp="2025-05-02T23:37:23 IST" skipped="0">
  <testcase classname="com.ui.tests.LoginTest3" name="LoginTest" time="23.383"/>
</testsuite> <!-- com.ui.tests.LoginTest3 -->
