<?xml version="1.0" encoding="UTF-8"?>
<!-- Generated by org.testng.reporters.JUnitReportReporter -->
<testsuite hostname="DESKTOP-KL8F87J" failures="0" tests="1" name="com.ui.tests.LoginTest4" time="16.368" errors="0" timestamp="2025-05-06T20:23:43 IST" skipped="0">
  <testcase classname="com.ui.tests.LoginTest4" name="LoginTest" time="16.368"/>
</testsuite> <!-- com.ui.tests.LoginTest4 -->
